Start scrapping Sat Oct 28 22:06:53 2023
Element by XPATH with //android.widget.TextView[@content-desc="Instagram"] was found. Sat Oct 28 22:06:54 2023
Start searching by tag paris Sat Oct 28 22:07:05 2023
Element by ID with com.instagram.android:id/search_tab was found. Sat Oct 28 22:07:05 2023
Element by XPATH with //android.widget.EditText[@resource-id="com.instagram.android:id/action_bar_search_edit_text"] was found. Sat Oct 28 22:07:07 2023
Element by XPATH with //android.widget.HorizontalScrollView[@resource-id="com.instagram.android:id/scrollable_tab_layout"]/android.widget.LinearLayout/android.widget.LinearLayout[5] was found. Sat Oct 28 22:07:21 2023
Element by XPATH with (//android.widget.LinearLayout[@resource-id="com.instagram.android:id/row_places_container"])[1] was found. Sat Oct 28 22:07:23 2023
Element by XPATH with //android.widget.TextView[@content-desc="Most Recent Posts"] was found. Sat Oct 28 22:07:29 2023
vertical swipe Sat Oct 28 22:07:38 2023
Element by CLASS_NAME with android.widget.Button was found. Sat Oct 28 22:07:39 2023
vertical swipe Sat Oct 28 22:07:44 2023
vertical swipe Sat Oct 28 22:07:46 2023
vertical swipe Sat Oct 28 22:07:50 2023
vertical swipe Sat Oct 28 22:07:54 2023
vertical swipe Sat Oct 28 22:07:59 2023
vertical swipe Sat Oct 28 22:08:01 2023
vertical swipe Sat Oct 28 22:08:06 2023
vertical swipe Sat Oct 28 22:08:09 2023
Not all desired post has been liked Sat Oct 28 22:08:11 2023
End searching by tag paris Sat Oct 28 22:08:16 2023
Start searching by tag #otters Sat Oct 28 22:08:16 2023
Element by ID with com.instagram.android:id/search_tab was found. Sat Oct 28 22:08:17 2023
Element by XPATH with //android.widget.EditText[@resource-id="com.instagram.android:id/action_bar_search_edit_text"] was found. Sat Oct 28 22:08:19 2023
Element by XPATH with (//android.widget.FrameLayout[@resource-id="com.instagram.android:id/row_hashtag_container"])[1]/android.widget.LinearLayout was found. Sat Oct 28 22:08:30 2023
Element by XPATH with //android.widget.Button[@resource-id="com.instagram.android:id/filter_text_to_open_bottom_sheet"] was found. Sat Oct 28 22:08:40 2023
Element by XPATH with //android.widget.RadioButton[@text="Recent top posts"] was found. Sat Oct 28 22:08:43 2023
vertical swipe Sat Oct 28 22:08:50 2023
Element by CLASS_NAME with android.widget.Button was found. Sat Oct 28 22:08:50 2023
vertical swipe Sat Oct 28 22:08:57 2023
Post liked sucessfully Sat Oct 28 22:08:58 2023
vertical swipe Sat Oct 28 22:09:01 2023
vertical swipe Sat Oct 28 22:09:03 2023
vertical swipe Sat Oct 28 22:09:05 2023
vertical swipe Sat Oct 28 22:09:07 2023
vertical swipe Sat Oct 28 22:09:12 2023
Post liked sucessfully Sat Oct 28 22:09:14 2023
vertical swipe Sat Oct 28 22:09:16 2023
vertical swipe Sat Oct 28 22:09:18 2023
vertical swipe Sat Oct 28 22:09:20 2023
vertical swipe Sat Oct 28 22:09:22 2023
vertical swipe Sat Oct 28 22:09:26 2023
Post liked sucessfully Sat Oct 28 22:09:27 2023
vertical swipe Sat Oct 28 22:09:29 2023
vertical swipe Sat Oct 28 22:09:32 2023
vertical swipe Sat Oct 28 22:09:35 2023
vertical swipe Sat Oct 28 22:09:38 2023
Not all desired post has been liked Sat Oct 28 22:09:41 2023
End searching by tag #otters Sat Oct 28 22:09:44 2023
Start searching by tag malaga Sat Oct 28 22:09:44 2023
Element by ID with com.instagram.android:id/search_tab was found. Sat Oct 28 22:09:45 2023
Element by XPATH with //android.widget.EditText[@resource-id="com.instagram.android:id/action_bar_search_edit_text"] was found. Sat Oct 28 22:09:47 2023
Element by XPATH with //android.widget.HorizontalScrollView[@resource-id="com.instagram.android:id/scrollable_tab_layout"]/android.widget.LinearLayout/android.widget.LinearLayout[5] was found. Sat Oct 28 22:10:04 2023
Element by XPATH with (//android.widget.LinearLayout[@resource-id="com.instagram.android:id/row_places_container"])[1] was found. Sat Oct 28 22:10:05 2023
Element by XPATH with //android.widget.TextView[@content-desc="Most Recent Posts"] was found. Sat Oct 28 22:10:11 2023
vertical swipe Sat Oct 28 22:10:22 2023
Element by CLASS_NAME with android.widget.Button was found. Sat Oct 28 22:10:22 2023
vertical swipe Sat Oct 28 22:10:27 2023
Post liked sucessfully Sat Oct 28 22:10:29 2023
vertical swipe Sat Oct 28 22:10:32 2023
vertical swipe Sat Oct 28 22:10:35 2023
vertical swipe Sat Oct 28 22:10:37 2023
vertical swipe Sat Oct 28 22:10:41 2023
Post liked sucessfully Sat Oct 28 22:10:59 2023
vertical swipe Sat Oct 28 22:11:01 2023
vertical swipe Sat Oct 28 22:11:03 2023
vertical swipe Sat Oct 28 22:11:05 2023
Not all desired post has been liked Sat Oct 28 22:11:07 2023
End searching by tag malaga Sat Oct 28 22:11:12 2023
Start searching by tag #dogs Sat Oct 28 22:11:12 2023
Element by ID with com.instagram.android:id/search_tab was found. Sat Oct 28 22:11:12 2023
Element by XPATH with //android.widget.EditText[@resource-id="com.instagram.android:id/action_bar_search_edit_text"] was found. Sat Oct 28 22:11:13 2023
Element by XPATH with (//android.widget.FrameLayout[@resource-id="com.instagram.android:id/row_hashtag_container"])[1]/android.widget.LinearLayout was found. Sat Oct 28 22:11:24 2023
Element by XPATH with //android.widget.Button[@resource-id="com.instagram.android:id/filter_text_to_open_bottom_sheet"] was found. Sat Oct 28 22:11:35 2023
Element by XPATH with //android.widget.RadioButton[@text="Recent top posts"] was found. Sat Oct 28 22:11:37 2023
vertical swipe Sat Oct 28 22:11:48 2023
Element by CLASS_NAME with android.widget.Button was found. Sat Oct 28 22:11:49 2023
vertical swipe Sat Oct 28 22:11:54 2023
Post liked sucessfully Sat Oct 28 22:11:54 2023
vertical swipe Sat Oct 28 22:11:57 2023
vertical swipe Sat Oct 28 22:12:00 2023
vertical swipe Sat Oct 28 22:12:05 2023
Post liked sucessfully Sat Oct 28 22:12:07 2023
vertical swipe Sat Oct 28 22:12:10 2023
vertical swipe Sat Oct 28 22:12:13 2023
vertical swipe Sat Oct 28 22:12:19 2023
Post liked sucessfully Sat Oct 28 22:12:40 2023
vertical swipe Sat Oct 28 22:12:42 2023
vertical swipe Sat Oct 28 22:12:44 2023
Not all desired post has been liked Sat Oct 28 22:12:46 2023
End searching by tag #dogs Sat Oct 28 22:12:50 2023
Start searching by tag #sport Sat Oct 28 22:12:50 2023
Element by ID with com.instagram.android:id/search_tab was found. Sat Oct 28 22:12:51 2023
Element by XPATH with //android.widget.EditText[@resource-id="com.instagram.android:id/action_bar_search_edit_text"] was found. Sat Oct 28 22:12:53 2023
Element by XPATH with (//android.widget.FrameLayout[@resource-id="com.instagram.android:id/row_hashtag_container"])[1]/android.widget.LinearLayout was found. Sat Oct 28 22:13:05 2023
Element by XPATH with //android.widget.Button[@resource-id="com.instagram.android:id/filter_text_to_open_bottom_sheet"] was found. Sat Oct 28 22:13:18 2023
Element by XPATH with //android.widget.RadioButton[@text="Recent top posts"] was found. Sat Oct 28 22:13:20 2023
vertical swipe Sat Oct 28 22:13:30 2023
Element by CLASS_NAME with android.widget.Button was found. Sat Oct 28 22:13:30 2023
vertical swipe Sat Oct 28 22:13:35 2023
vertical swipe Sat Oct 28 22:13:37 2023
vertical swipe Sat Oct 28 22:13:40 2023
vertical swipe Sat Oct 28 22:13:43 2023
vertical swipe Sat Oct 28 22:13:45 2023
vertical swipe Sat Oct 28 22:13:51 2023
Post liked sucessfully Sat Oct 28 22:13:53 2023
vertical swipe Sat Oct 28 22:13:55 2023
vertical swipe Sat Oct 28 22:13:56 2023
vertical swipe Sat Oct 28 22:13:59 2023
vertical swipe Sat Oct 28 22:14:00 2023
Not all desired post has been liked Sat Oct 28 22:14:02 2023
End searching by tag #sport Sat Oct 28 22:14:16 2023
Start searching by tag #halloween Sat Oct 28 22:14:16 2023
Element by ID with com.instagram.android:id/search_tab was found. Sat Oct 28 22:14:17 2023
Element by XPATH with //android.widget.EditText[@resource-id="com.instagram.android:id/action_bar_search_edit_text"] was found. Sat Oct 28 22:14:18 2023
Element by XPATH with (//android.widget.FrameLayout[@resource-id="com.instagram.android:id/row_hashtag_container"])[1]/android.widget.LinearLayout was found. Sat Oct 28 22:14:34 2023
Element by XPATH with //android.widget.Button[@resource-id="com.instagram.android:id/filter_text_to_open_bottom_sheet"] was found. Sat Oct 28 22:14:35 2023
Element by XPATH with //android.widget.RadioButton[@text="Recent top posts"] was found. Sat Oct 28 22:14:39 2023
vertical swipe Sat Oct 28 22:14:47 2023
Element by CLASS_NAME with android.widget.Button was found. Sat Oct 28 22:14:47 2023
vertical swipe Sat Oct 28 22:14:53 2023
vertical swipe Sat Oct 28 22:14:58 2023
vertical swipe Sat Oct 28 22:15:02 2023
vertical swipe Sat Oct 28 22:15:05 2023
vertical swipe Sat Oct 28 22:15:10 2023
vertical swipe Sat Oct 28 22:15:13 2023
vertical swipe Sat Oct 28 22:15:18 2023
Post liked sucessfully Sat Oct 28 22:15:19 2023
vertical swipe Sat Oct 28 22:15:21 2023
Not all desired post has been liked Sat Oct 28 22:15:24 2023
End searching by tag #halloween Sat Oct 28 22:15:28 2023
End scrapping ///////////////////////////////////////////////////// Sat Oct 28 22:15:28 2023

